Fitter Place Stage Report for fsm
Wed Nov 16 15:43:52 2022
Quartus Prime Version 22.3.0 Build 104 09/14/2022 SC Pro Edition


---------------------
; Table of Contents ;
---------------------
  1. Legal Notice
  2. Fitter Resource Usage Summary
  3. Fitter Resource Utilization by Entity
  4. Place Messages



----------------
; Legal Notice ;
----------------
Copyright (C) 2022  Intel Corporation. All rights reserved.
Your use of Intel Corporation's design tools, logic functions 
and other software and tools, and any partner logic 
functions, and any output files from any of the foregoing 
(including device programming or simulation files), and any 
associated documentation or information are expressly subject 
to the terms and conditions of the Intel Program License 
Subscription Agreement, the Intel Quartus Prime License Agreement,
the Intel FPGA IP License Agreement, or other applicable license
agreement, including, without limitation, that your use is for
the sole purpose of programming logic devices manufactured by
Intel and sold by Intel or its authorized distributors.  Please
refer to the applicable agreement for further details, at
https://fpgasoftware.intel.com/eula.



+--------------------------------------------------------------------------------------+
; Fitter Resource Usage Summary                                                        ;
+-------------------------------------------------------------+----------------+-------+
; Resource                                                    ; Usage          ; %     ;
+-------------------------------------------------------------+----------------+-------+
; Logic utilization (ALMs needed / total ALMs on device)      ; 37 / 339,620   ; < 1 % ;
; ALMs needed [=A-B+C]                                        ; 37             ;       ;
;     [A] ALMs used in final placement [=a+b+c+d]             ; 38 / 339,620   ; < 1 % ;
;         [a] ALMs used for LUT logic and registers           ; 17             ;       ;
;         [b] ALMs used for LUT logic                         ; 21             ;       ;
;         [c] ALMs used for registers                         ; 0              ;       ;
;         [d] ALMs used for memory (up to half of total ALMs) ; 0              ;       ;
;     [B] Estimate of ALMs recoverable by dense packing       ; 1 / 339,620    ; < 1 % ;
;     [C] Estimate of ALMs unavailable [=a+b+c+d]             ; 0 / 339,620    ; 0 %   ;
;         [a] Due to location constrained logic               ; 0              ;       ;
;         [b] Due to LAB-wide signal conflicts                ; 0              ;       ;
;         [c] Due to LAB input limits                         ; 0              ;       ;
;         [d] Due to virtual I/Os                             ; 0              ;       ;
;                                                             ;                ;       ;
; Difficulty packing design                                   ; Low            ;       ;
;                                                             ;                ;       ;
; Total LABs:  partially or completely used                   ; 4 / 33,962     ; < 1 % ;
;     -- Logic LABs                                           ; 4              ;       ;
;     -- Memory LABs (up to half of total LABs)               ; 0              ;       ;
;                                                             ;                ;       ;
; Combinational ALUT usage for logic                          ; 65             ;       ;
;     -- 7 input functions                                    ; 0              ;       ;
;     -- 6 input functions                                    ; 7              ;       ;
;     -- 5 input functions                                    ; 25             ;       ;
;     -- 4 input functions                                    ; 16             ;       ;
;     -- <=3 input functions                                  ; 17             ;       ;
; Combinational ALUT usage for route-throughs                 ; 0              ;       ;
;                                                             ;                ;       ;
; Dedicated logic registers                                   ; 33             ;       ;
;     -- By type:                                             ;                ;       ;
;         -- Primary logic registers                          ; 33 / 679,240   ; < 1 % ;
;         -- Secondary logic registers                        ; 0 / 679,240    ; 0 %   ;
;     -- By function:                                         ;                ;       ;
;         -- Design implementation registers                  ; 33             ;       ;
;         -- Routing optimization registers                   ; 0              ;       ;
;                                                             ;                ;       ;
; ALMs adjustment for power estimation                        ; 1              ;       ;
;                                                             ;                ;       ;
; Virtual pins                                                ; 0              ;       ;
; I/O pins                                                    ; 64 / 928       ; 7 %   ;
;     -- Clock pins                                           ; 1 / 52         ; 2 %   ;
;     -- Dedicated input pins                                 ; 0 / 203        ; 0 %   ;
;                                                             ;                ;       ;
; M20K blocks                                                 ; 0 / 2,423      ; 0 %   ;
; Total MLAB memory bits                                      ; 0              ;       ;
; Total block memory bits                                     ; 0 / 49,623,040 ; 0 %   ;
; Total block memory implementation bits                      ; 0 / 49,623,040 ; 0 %   ;
;                                                             ;                ;       ;
; DSP Blocks Needed [=A+B-C]                                  ; 0 / 1,518      ; 0 %   ;
;     [A] Total Fixed Point DSP Blocks                        ; 0              ;       ;
;     [B] Total Floating Point DSP Blocks                     ; 0              ;       ;
;     [C] Estimate of DSP Blocks recoverable by dense merging ; 0              ;       ;
;                                                             ;                ;       ;
; IOPLLs                                                      ; 0 / 16         ; 0 %   ;
; FPLLs                                                       ; 0 / 32         ; 0 %   ;
; Global signals                                              ; 0              ;       ;
;     -- Global clocks                                        ; 0 / 32         ; 0 %   ;
;     -- Regional clocks                                      ; 0 / 16         ; 0 %   ;
;     -- Periphery clocks                                     ; 0 / 384        ; 0 %   ;
; JTAGs                                                       ; 0 / 1          ; 0 %   ;
; ASMI blocks                                                 ; 0 / 1          ; 0 %   ;
; CRC blocks                                                  ; 0 / 1          ; 0 %   ;
; Remote update blocks                                        ; 0 / 1          ; 0 %   ;
; Oscillator blocks                                           ; 0 / 1          ; 0 %   ;
; PCIe Hard IPs                                               ; 0 / 4          ; 0 %   ;
; HSSI RX PCSs                                                ; 0 / 96         ; 0 %   ;
; HSSI PMA RX DESERs                                          ; 0 / 96         ; 0 %   ;
; HSSI TX PCSs                                                ; 0 / 96         ; 0 %   ;
; HSSI PMA TX SERs                                            ; 0 / 96         ; 0 %   ;
; HSSI CDR PLL                                                ; 0 / 96         ; 0 %   ;
;     -- CDR PLLs for Unused RX Clock Workaround              ; 0 / 96         ; 0 %   ;
; HSSI ATX PLL                                                ; 0 / 32         ; 0 %   ;
; Impedance control blocks                                    ; 0 / 16         ; 0 %   ;
; Maximum fan-out                                             ; 23             ;       ;
; Highest non-global fan-out                                  ; 23             ;       ;
; Total fan-out                                               ; 439            ;       ;
; Average fan-out                                             ; 1.65           ;       ;
+-------------------------------------------------------------+----------------+-------+
The Fitter Resource Usage Summary report displays a detailed analysis of logic utilization based on calculations of ALM usage. Refer to <a class="xref" href="https://www.intel.com/content/www/us/en/programmable/quartushelp/current/index.htm#mapIdTopics/mwh1465496451103.htm" target="_blank">Fitter Resource Usage Summary Report</a> in the <i>Intel® Quartus® Prime Pro Edition Help</i> for more information.


+-------------------------------------------------------------------------------------------------------------------------------------------------------------------------------------------------------------------------------------------------------------------------------------------------------------------------------------------------------------------------------------------------+
; Fitter Resource Utilization by Entity                                                                                                                                                                                                                                                                                                                                                           ;
+----------------------------+----------------------+----------------------------------+---------------------------------------------------+----------------------------------+----------------------+---------------------+---------------------------+---------------+-------------------+-------+------------+------+--------------+--------+---------------------+-------------+--------------+
; Compilation Hierarchy Node ; ALMs needed [=A-B+C] ; [A] ALMs used in final placement ; [B] Estimate of ALMs recoverable by dense packing ; [C] Estimate of ALMs unavailable ; ALMs used for memory ; Combinational ALUTs ; Dedicated Logic Registers ; I/O Registers ; Block Memory Bits ; M20Ks ; DSP Blocks ; Pins ; Virtual Pins ; IOPLLs ; Full Hierarchy Name ; Entity Name ; Library Name ;
+----------------------------+----------------------+----------------------------------+---------------------------------------------------+----------------------------------+----------------------+---------------------+---------------------------+---------------+-------------------+-------+------------+------+--------------+--------+---------------------+-------------+--------------+
; |                          ; 36.5 (36.5)          ; 37.5 (37.5)                      ; 1.0 (1.0)                                         ; 0.0 (0.0)                        ; 0.0 (0.0)            ; 65 (65)             ; 33 (33)                   ; 0 (0)         ; 0                 ; 0     ; 0          ; 64   ; 0            ; 0 (0)  ; |                   ; fsm_2sa     ; altera_work  ;
+----------------------------+----------------------+----------------------------------+---------------------------------------------------+----------------------------------+----------------------+---------------------+---------------------------+---------------+-------------------+-------+------------+------+--------------+--------+---------------------+-------------+--------------+
Note: For table entries with two numbers listed, the numbers in parentheses indicate the number of resources of the given type used by the specific entity alone. The numbers listed outside of parentheses indicate the total resources of the given type used by the specific entity and all of its sub-entities in the hierarchy.


+----------------+
; Place Messages ;
+----------------+
Info (20030): Parallel compilation is enabled and will use 16 of the 16 processors detected
Info: *******************************************************************
Info: Running Quartus Prime Fitter
    Info: Version 22.3.0 Build 104 09/14/2022 SC Pro Edition
    Info: Processing started: Wed Nov 16 15:43:16 2022
    Info: System process ID: 16479
Info: Command: quartus_fit --read_settings_files=on --write_settings_files=off fsm -c fsm
Info: qfit2_default_script.tcl version: #1
Info: Project  = fsm
Info: Revision = fsm
Info (11165): Fitter preparation operations ending: elapsed time is 00:00:16
Info (22300): Design uses Placement Effort Multiplier = 1.0.
Info (170189): Fitter placement preparation operations beginning
Info (14951): The Fitter is using Advanced Physical Optimization.
Info (170190): Fitter placement preparation operations ending: elapsed time is 00:00:02
Info (170191): Fitter placement operations beginning
Info (170137): Fitter placement was successful
Info (170192): Fitter placement operations ending: elapsed time is 00:00:03
Info (22793): The Timing Analyzer is analyzing 4 combinational loops as latches. To see the list of latches that were not entered as explicit comb loops in design files, view the "User-Specified and Inferred Latches" table in the Synthesis report.
Info (11888): Total time spent on timing analysis during Placement is 0.03 seconds.


